[14:01:47] [INFO ] (SortedCacheObliviousTripleStore.java:sort:227) Multithread
[14:01:47] [INFO ] (FastTransitiveClosure.java:computeTransitiveClosure:90) Computing closure for  2147483643
[14:01:47] [INFO ] (FastTransitiveClosure.java:computeTransitiveClosure:102) Triples 2
[14:01:47] [INFO ] (Inferray.java:startup:392) Size after recounting 5
[14:01:47] [INFO ] (Inferray.java:firstInferenceCycle:566) Skipped subclassof closure
[14:01:47] [INFO ] (Inferray.java:firstInferenceCycle:574) Skipped subproperty closure
[14:01:47] [INFO ] (Inferray.java:updateTripleStores:616) Starting update with 8 threads
[14:01:47] [INFO ] (Inferray.java:updateTripleStores:616) Starting update with 8 threads
[14:01:47] [INFO ] (Inferray.java:fixPointInference:317) Fixpoint : Size 3 _ 2
[14:01:47] [INFO ] (Inferray.java:updateTripleStores:616) Starting update with 8 threads
[14:01:47] [INFO ] (Inferray.java:fixPointInference:317) Fixpoint : Size 5 _ 2
[14:01:47] [INFO ] (Inferray.java:updateTripleStores:616) Starting update with 8 threads
[14:01:47] [INFO ] (Inferray.java:fixPointInference:317) Fixpoint : Size 7 _ 2
[14:01:47] [INFO ] (Inferray.java:updateTripleStores:616) Starting update with 8 threads
[14:01:47] [INFO ] (Inferray.java:fixPointInference:317) Fixpoint : Size 9 _ 2
[14:01:47] [INFO ] (Inferray.java:updateTripleStores:616) Starting update with 8 threads
[14:01:47] [INFO ] (Inferray.java:fixPointInference:317) Fixpoint : Size 11 _ 8
[14:01:47] [INFO ] (Inferray.java:updateTripleStores:616) Starting update with 8 threads
[14:01:47] [INFO ] (Inferray.java:fixPointInference:317) Fixpoint : Size 13 _ 16
[14:01:47] [INFO ] (Inferray.java:updateTripleStores:616) Starting update with 8 threads
[14:01:47] [INFO ] (Inferray.java:fixPointInference:317) Fixpoint : Size 15 _ 16
[14:01:47] [INFO ] (SortedCacheObliviousTripleStore.java:sort:227) Multithread
[14:01:47] [INFO ] (FastTransitiveClosure.java:computeTransitiveClosure:90) Computing closure for  2147483643
[14:01:47] [INFO ] (FastTransitiveClosure.java:computeTransitiveClosure:102) Triples 4
[14:01:47] [INFO ] (Inferray.java:startup:392) Size after recounting 10
[14:01:47] [INFO ] (Inferray.java:firstInferenceCycle:566) Skipped subclassof closure
[14:01:47] [INFO ] (Inferray.java:firstInferenceCycle:574) Skipped subproperty closure
[14:01:47] [INFO ] (Inferray.java:updateTripleStores:616) Starting update with 8 threads
[14:01:47] [INFO ] (Inferray.java:updateTripleStores:616) Starting update with 8 threads
[14:01:47] [INFO ] (Inferray.java:fixPointInference:317) Fixpoint : Size 3 _ 4
[14:01:47] [INFO ] (Inferray.java:updateTripleStores:616) Starting update with 8 threads
[14:01:47] [INFO ] (Inferray.java:fixPointInference:317) Fixpoint : Size 5 _ 4
[14:01:53] [INFO ] (SortedCacheObliviousTripleStore.java:sort:227) Multithread
[14:01:53] [INFO ] (FastTransitiveClosure.java:computeTransitiveClosure:90) Computing closure for  2147483644
[14:01:53] [INFO ] (FastTransitiveClosure.java:computeTransitiveClosure:102) Triples 1977
[14:01:53] [INFO ] (FastTransitiveClosure.java:computeTransitiveClosure:90) Computing closure for  2147483643
[14:01:53] [INFO ] (FastTransitiveClosure.java:computeTransitiveClosure:102) Triples 333
[14:01:53] [INFO ] (Inferray.java:startup:392) Size after recounting 12159
[14:01:53] [INFO ] (Inferray.java:firstInferenceCycle:566) Skipped subclassof closure
[14:01:53] [INFO ] (Inferray.java:firstInferenceCycle:574) Skipped subproperty closure
[14:01:53] [INFO ] (Inferray.java:updateTripleStores:616) Starting update with 8 threads
[14:01:53] [INFO ] (Inferray.java:updateTripleStores:616) Starting update with 8 threads
[14:01:53] [INFO ] (Inferray.java:fixPointInference:317) Fixpoint : Size 3 _ 5688
[14:01:53] [INFO ] (Inferray.java:updateTripleStores:616) Starting update with 8 threads
[14:01:53] [INFO ] (Inferray.java:fixPointInference:317) Fixpoint : Size 5 _ 7068
[14:01:53] [INFO ] (Inferray.java:updateTripleStores:616) Starting update with 8 threads
[14:01:53] [INFO ] (Inferray.java:fixPointInference:317) Fixpoint : Size 7 _ 7226
[14:01:53] [INFO ] (Inferray.java:updateTripleStores:616) Starting update with 8 threads
[14:01:53] [INFO ] (Inferray.java:fixPointInference:317) Fixpoint : Size 9 _ 7226
